<?xml version="1.0" encoding="UTF-8" ?>
<testsuite tests="1" failures="0" name="Order.HibernateOrderDAOTest" time="2.38" errors="1" skipped="0">
  <properties>
    <property name="java.runtime.name" value="Java(TM) SE Runtime Environment"/>
    <property name="sun.boot.library.path" value="C:\Java\Java Development Kit and Netbeans\jdk1.8.0_131\jre\bin"/>
    <property name="java.vm.version" value="25.131-b11"/>
    <property name="java.vm.vendor" value="Oracle Corporation"/>
    <property name="java.vendor.url" value="http://java.oracle.com/"/>
    <property name="path.separator" value=";"/>
    <property name="guice.disable.misplaced.annotation.check" value="true"/>
    <property name="java.vm.name" value="Java HotSpot(TM) 64-Bit Server VM"/>
    <property name="file.encoding.pkg" value="sun.io"/>
    <property name="user.script" value=""/>
    <property name="user.country" value="GB"/>
    <property name="sun.java.launcher" value="SUN_STANDARD"/>
    <property name="sun.os.patch.level" value=""/>
    <property name="test" value="Order.HibernateOrderDAOTest"/>
    <property name="java.vm.specification.name" value="Java Virtual Machine Specification"/>
    <property name="user.dir" value="C:\Java\Githubs\Workshop2\KaasApplicatie"/>
    <property name="java.runtime.version" value="1.8.0_131-b11"/>
    <property name="java.awt.graphicsenv" value="sun.awt.Win32GraphicsEnvironment"/>
    <property name="java.endorsed.dirs" value="C:\Java\Java Development Kit and Netbeans\jdk1.8.0_131\jre\lib\endorsed"/>
    <property name="os.arch" value="amd64"/>
    <property name="java.io.tmpdir" value="C:\Users\Gerben\AppData\Local\Temp\"/>
    <property name="line.separator" value="
"/>
    <property name="java.vm.specification.vendor" value="Oracle Corporation"/>
    <property name="user.variant" value=""/>
    <property name="os.name" value="Windows 8.1"/>
    <property name="maven.ext.class.path" value="C:\Program Files\NetBeans 8.2\java\maven-nblib\netbeans-eventspy.jar"/>
    <property name="classworlds.conf" value="C:\Program Files\NetBeans 8.2\java\maven\bin\m2.conf"/>
    <property name="sun.jnu.encoding" value="Cp1252"/>
    <property name="java.library.path" value="C:\Java\Java Development Kit and Netbeans\jdk1.8.0_131\bin;C:\Windows\Sun\Java\bin;C:\Windows\system32;C:\Windows;C:\ProgramData\Oracle\Java\javapath;C:\Java\Java Development Kit and Netbeans\jdk1.8.0_131;C:\Program Files (x86)\Skype\Phone\;C:\Program Files\MySQL\MySQL Utilities 1.6\;C:\Java\Git\cmd;C:\Program Files\MongoDB\Server\3.4\bin;C:\Java\Java Development Kit and Netbeans\jdk1.8.0_131\bin;."/>
    <property name="java.specification.name" value="Java Platform API Specification"/>
    <property name="java.class.version" value="52.0"/>
    <property name="sun.management.compiler" value="HotSpot 64-Bit Tiered Compilers"/>
    <property name="os.version" value="6.3"/>
    <property name="user.home" value="C:\Users\Gerben"/>
    <property name="user.timezone" value="Europe/Berlin"/>
    <property name="java.awt.printerjob" value="sun.awt.windows.WPrinterJob"/>
    <property name="java.specification.version" value="1.8"/>
    <property name="file.encoding" value="UTF-8"/>
    <property name="user.name" value="Gerben"/>
    <property name="java.class.path" value="C:\Program Files\NetBeans 8.2\java\maven\boot\plexus-classworlds-2.4.jar"/>
    <property name="java.vm.specification.version" value="1.8"/>
    <property name="sun.arch.data.model" value="64"/>
    <property name="java.home" value="C:\Java\Java Development Kit and Netbeans\jdk1.8.0_131\jre"/>
    <property name="sun.java.command" value="org.codehaus.plexus.classworlds.launcher.Launcher -Dtest=Order.HibernateOrderDAOTest -Dmaven.ext.class.path=C:\Program Files\NetBeans 8.2\java\maven-nblib\netbeans-eventspy.jar -Dfile.encoding=UTF-8 surefire:test"/>
    <property name="java.specification.vendor" value="Oracle Corporation"/>
    <property name="user.language" value="en"/>
    <property name="awt.toolkit" value="sun.awt.windows.WToolkit"/>
    <property name="java.vm.info" value="mixed mode"/>
    <property name="java.version" value="1.8.0_131"/>
    <property name="java.ext.dirs" value="C:\Java\Java Development Kit and Netbeans\jdk1.8.0_131\jre\lib\ext;C:\Windows\Sun\Java\lib\ext"/>
    <property name="sun.boot.class.path" value="C:\Java\Java Development Kit and Netbeans\jdk1.8.0_131\jre\lib\resources.jar;C:\Java\Java Development Kit and Netbeans\jdk1.8.0_131\jre\lib\rt.jar;C:\Java\Java Development Kit and Netbeans\jdk1.8.0_131\jre\lib\sunrsasign.jar;C:\Java\Java Development Kit and Netbeans\jdk1.8.0_131\jre\lib\jsse.jar;C:\Java\Java Development Kit and Netbeans\jdk1.8.0_131\jre\lib\jce.jar;C:\Java\Java Development Kit and Netbeans\jdk1.8.0_131\jre\lib\charsets.jar;C:\Java\Java Development Kit and Netbeans\jdk1.8.0_131\jre\lib\jfr.jar;C:\Java\Java Development Kit and Netbeans\jdk1.8.0_131\jre\classes"/>
    <property name="java.vendor" value="Oracle Corporation"/>
    <property name="maven.home" value="C:\Program Files\NetBeans 8.2\java\maven"/>
    <property name="file.separator" value="\"/>
    <property name="java.vendor.url.bug" value="http://bugreport.sun.com/bugreport/"/>
    <property name="sun.cpu.endian" value="little"/>
    <property name="sun.io.unicode.encoding" value="UnicodeLittle"/>
    <property name="sun.desktop" value="windows"/>
    <property name="sun.cpu.isalist" value="amd64"/>
  </properties>
  <testcase classname="Order.HibernateOrderDAOTest" name="addOrder" time="2.311">
    <error message="org.hibernate.exception.ConstraintViolationException: could not execute statement" type="javax.persistence.PersistenceException">javax.persistence.PersistenceException: org.hibernate.exception.ConstraintViolationException: could not execute statement
	at org.hibernate.internal.ExceptionConverterImpl.convert(ExceptionConverterImpl.java:149)
	at org.hibernate.internal.ExceptionConverterImpl.convert(ExceptionConverterImpl.java:157)
	at org.hibernate.internal.ExceptionConverterImpl.convert(ExceptionConverterImpl.java:164)
	at org.hibernate.internal.SessionImpl.firePersist(SessionImpl.java:789)
	at org.hibernate.internal.SessionImpl.persist(SessionImpl.java:767)
	at HibernateDao.GenericDAO.create(GenericDAO.java:24)
	at Order.HibernateOrderDAO.addOrder(HibernateOrderDAO.java:52)
	at Order.HibernateOrderDAOTest.addOrder(HibernateOrderDAOTest.java:34)
	at sun.reflect.NativeMethodAccessorImpl.invoke0(Native Method)
	at sun.reflect.NativeMethodAccessorImpl.invoke(NativeMethodAccessorImpl.java:62)
	at sun.reflect.DelegatingMethodAccessorImpl.invoke(DelegatingMethodAccessorImpl.java:43)
	at java.lang.reflect.Method.invoke(Method.java:498)
	at org.junit.runners.model.FrameworkMethod$1.runReflectiveCall(FrameworkMethod.java:50)
	at org.junit.internal.runners.model.ReflectiveCallable.run(ReflectiveCallable.java:12)
	at org.junit.runners.model.FrameworkMethod.invokeExplosively(FrameworkMethod.java:47)
	at org.junit.internal.runners.statements.InvokeMethod.evaluate(InvokeMethod.java:17)
	at org.junit.runners.ParentRunner.runLeaf(ParentRunner.java:325)
	at org.junit.runners.BlockJUnit4ClassRunner.runChild(BlockJUnit4ClassRunner.java:78)
	at org.junit.runners.BlockJUnit4ClassRunner.runChild(BlockJUnit4ClassRunner.java:57)
	at org.junit.runners.ParentRunner$3.run(ParentRunner.java:290)
	at org.junit.runners.ParentRunner$1.schedule(ParentRunner.java:71)
	at org.junit.runners.ParentRunner.runChildren(ParentRunner.java:288)
	at org.junit.runners.ParentRunner.access$000(ParentRunner.java:58)
	at org.junit.runners.ParentRunner$2.evaluate(ParentRunner.java:268)
	at org.junit.runners.ParentRunner.run(ParentRunner.java:363)
	at org.apache.maven.surefire.junit4.JUnit4TestSet.execute(JUnit4TestSet.java:53)
	at org.apache.maven.surefire.junit4.JUnit4Provider.executeTestSet(JUnit4Provider.java:123)
	at org.apache.maven.surefire.junit4.JUnit4Provider.invoke(JUnit4Provider.java:104)
	at sun.reflect.NativeMethodAccessorImpl.invoke0(Native Method)
	at sun.reflect.NativeMethodAccessorImpl.invoke(NativeMethodAccessorImpl.java:62)
	at sun.reflect.DelegatingMethodAccessorImpl.invoke(DelegatingMethodAccessorImpl.java:43)
	at java.lang.reflect.Method.invoke(Method.java:498)
	at org.apache.maven.surefire.util.ReflectionUtils.invokeMethodWithArray(ReflectionUtils.java:164)
	at org.apache.maven.surefire.booter.ProviderFactory$ProviderProxy.invoke(ProviderFactory.java:110)
	at org.apache.maven.surefire.booter.SurefireStarter.invokeProvider(SurefireStarter.java:175)
	at org.apache.maven.surefire.booter.SurefireStarter.runSuitesInProcessWhenForked(SurefireStarter.java:107)
	at org.apache.maven.surefire.booter.ForkedBooter.main(ForkedBooter.java:68)
Caused by: org.hibernate.exception.ConstraintViolationException: could not execute statement
	at org.hibernate.exception.internal.SQLStateConversionDelegate.convert(SQLStateConversionDelegate.java:112)
	at org.hibernate.exception.internal.StandardSQLExceptionConverter.convert(StandardSQLExceptionConverter.java:42)
	at org.hibernate.engine.jdbc.spi.SqlExceptionHelper.convert(SqlExceptionHelper.java:111)
	at org.hibernate.engine.jdbc.spi.SqlExceptionHelper.convert(SqlExceptionHelper.java:97)
	at org.hibernate.engine.jdbc.internal.ResultSetReturnImpl.executeUpdate(ResultSetReturnImpl.java:178)
	at org.hibernate.dialect.identity.GetGeneratedKeysDelegate.executeAndExtract(GetGeneratedKeysDelegate.java:57)
	at org.hibernate.id.insert.AbstractReturningDelegate.performInsert(AbstractReturningDelegate.java:42)
	at org.hibernate.persister.entity.AbstractEntityPersister.insert(AbstractEntityPersister.java:2919)
	at org.hibernate.persister.entity.AbstractEntityPersister.insert(AbstractEntityPersister.java:3490)
	at org.hibernate.action.internal.EntityIdentityInsertAction.execute(EntityIdentityInsertAction.java:81)
	at org.hibernate.engine.spi.ActionQueue.execute(ActionQueue.java:626)
	at org.hibernate.engine.spi.ActionQueue.addResolvedEntityInsertAction(ActionQueue.java:280)
	at org.hibernate.engine.spi.ActionQueue.addInsertAction(ActionQueue.java:261)
	at org.hibernate.engine.spi.ActionQueue.addAction(ActionQueue.java:306)
	at org.hibernate.event.internal.AbstractSaveEventListener.addInsertAction(AbstractSaveEventListener.java:318)
	at org.hibernate.event.internal.AbstractSaveEventListener.performSaveOrReplicate(AbstractSaveEventListener.java:275)
	at org.hibernate.event.internal.AbstractSaveEventListener.performSave(AbstractSaveEventListener.java:182)
	at org.hibernate.event.internal.AbstractSaveEventListener.saveWithGeneratedId(AbstractSaveEventListener.java:113)
	at org.hibernate.jpa.event.internal.core.JpaPersistEventListener.saveWithGeneratedId(JpaPersistEventListener.java:67)
	at org.hibernate.event.internal.DefaultPersistEventListener.entityIsTransient(DefaultPersistEventListener.java:189)
	at org.hibernate.event.internal.DefaultPersistEventListener.onPersist(DefaultPersistEventListener.java:132)
	at org.hibernate.event.internal.DefaultPersistEventListener.onPersist(DefaultPersistEventListener.java:58)
	at org.hibernate.internal.SessionImpl.firePersist(SessionImpl.java:782)
	... 33 more
Caused by: org.postgresql.util.PSQLException: ERROR: insert or update on table &quot;orders&quot; violates foreign key constraint &quot;fkggleb7aobypdj2qn1f6x8y1s8&quot;
  Detail: Key (clientid)=(1) is not present in table &quot;client&quot;.
	at org.postgresql.core.v3.QueryExecutorImpl.receiveErrorResponse(QueryExecutorImpl.java:2477)
	at org.postgresql.core.v3.QueryExecutorImpl.processResults(QueryExecutorImpl.java:2190)
	at org.postgresql.core.v3.QueryExecutorImpl.execute(QueryExecutorImpl.java:300)
	at org.postgresql.jdbc.PgStatement.executeInternal(PgStatement.java:428)
	at org.postgresql.jdbc.PgStatement.execute(PgStatement.java:354)
	at org.postgresql.jdbc.PgPreparedStatement.executeWithFlags(PgPreparedStatement.java:169)
	at org.postgresql.jdbc.PgPreparedStatement.executeUpdate(PgPreparedStatement.java:136)
	at org.hibernate.engine.jdbc.internal.ResultSetReturnImpl.executeUpdate(ResultSetReturnImpl.java:175)
	... 51 more
</error>
    <system-out>Hibernate: alter table Account drop constraint FK4f950gj6dcm338h193ne9dbs6
Hibernate: alter table Address drop constraint FKqv2s8chaygg4spe5h3kxfp0rh
Hibernate: alter table Address drop constraint FKjgkrnk7lee669dxx50coxx1vq
Hibernate: alter table OrderDetail drop constraint FK4h446mbabaj9imk04inkb8937
Hibernate: alter table OrderDetail drop constraint FKilfup3e37w9b2p5ktvjdtnbvu
Hibernate: alter table Orders drop constraint FKggleb7aobypdj2qn1f6x8y1s8
Hibernate: drop table if exists Account cascade
Hibernate: drop table if exists Address cascade
Hibernate: drop table if exists AddressType cascade
Hibernate: drop table if exists Cheese cascade
Hibernate: drop table if exists Client cascade
Hibernate: drop table if exists OrderDetail cascade
Hibernate: drop table if exists Orders cascade
Hibernate: create table Account (accountID  serial not null, accountName varchar(255), accountStatus int4 not null, password varchar(255), ClientID int4, primary key (accountID))
Hibernate: create table Address (addressID  serial not null, city varchar(255), houseNumberAddition varchar(255), housenumber int4 not null, postalCode varchar(255), streetname varchar(255), AddressTypeID int4, ClientID int4, primary key (addressID))
Hibernate: create table AddressType (addressTypeID  serial not null, addressType varchar(255), primary key (addressTypeID))
Hibernate: create table Cheese (cheeseID  serial not null, cheeseName varchar(255), price numeric(19, 2), stock int4 not null, primary key (cheeseID))
Hibernate: create table Client (clientID  serial not null, eMail varchar(255), firstName varchar(255), lastName varchar(255), primary key (clientID))
Hibernate: create table OrderDetail (orderDetailID  serial not null, quantity int4 not null, CheeseID int4, OrderID int4, primary key (orderDetailID))
Hibernate: create table Orders (orderID  serial not null, orderDate timestamp, processedDate timestamp, totalPrice numeric(19, 2), ClientID int4, primary key (orderID))
Hibernate: alter table Account add constraint FK4f950gj6dcm338h193ne9dbs6 foreign key (ClientID) references Client
Hibernate: alter table Address add constraint FKqv2s8chaygg4spe5h3kxfp0rh foreign key (AddressTypeID) references AddressType
Hibernate: alter table Address add constraint FKjgkrnk7lee669dxx50coxx1vq foreign key (ClientID) references Client
Hibernate: alter table OrderDetail add constraint FK4h446mbabaj9imk04inkb8937 foreign key (CheeseID) references Cheese
Hibernate: alter table OrderDetail add constraint FKilfup3e37w9b2p5ktvjdtnbvu foreign key (OrderID) references Orders
Hibernate: alter table Orders add constraint FKggleb7aobypdj2qn1f6x8y1s8 foreign key (ClientID) references Client
Hibernate: insert into Orders (ClientID, orderDate, processedDate, totalPrice) values (?, ?, ?, ?)
</system-out>
    <system-err>Oct 25, 2017 3:53:18 PM org.hibernate.jpa.internal.util.LogHelper logPersistenceUnitInformation
INFO: HHH000204: Processing PersistenceUnitInfo [
	name: Hibernate
	...]
Oct 25, 2017 3:53:18 PM org.hibernate.Version logVersion
INFO: HHH000412: Hibernate Core {5.2.12.Final}
Oct 25, 2017 3:53:18 PM org.hibernate.cfg.Environment &lt;clinit&gt;
INFO: HHH000206: hibernate.properties not found
Oct 25, 2017 3:53:18 PM org.hibernate.annotations.common.reflection.java.JavaReflectionManager &lt;clinit&gt;
INFO: HCANN000001: Hibernate Commons Annotations {5.0.1.Final}
Oct 25, 2017 3:53:18 PM org.hibernate.engine.jdbc.connections.internal.DriverManagerConnectionProviderImpl configure
WARN: HHH10001002: Using Hibernate built-in connection pool (not for production use!)
Oct 25, 2017 3:53:18 PM org.hibernate.engine.jdbc.connections.internal.DriverManagerConnectionProviderImpl buildCreator
INFO: HHH10001005: using driver [org.postgresql.Driver] at URL [jdbc:postgresql://localhost:5432/KaasApplicatie? zeroDateTimeBehavior=convertToNull]
Oct 25, 2017 3:53:18 PM org.hibernate.engine.jdbc.connections.internal.DriverManagerConnectionProviderImpl buildCreator
INFO: HHH10001001: Connection properties: {user=postgres, password=****}
Oct 25, 2017 3:53:18 PM org.hibernate.engine.jdbc.connections.internal.DriverManagerConnectionProviderImpl buildCreator
INFO: HHH10001003: Autocommit mode: false
Oct 25, 2017 3:53:18 PM org.hibernate.engine.jdbc.connections.internal.PooledConnections &lt;init&gt;
INFO: HHH000115: Hibernate connection pool size: 20 (min=1)
Oct 25, 2017 3:53:18 PM org.hibernate.dialect.Dialect &lt;init&gt;
INFO: HHH000400: Using dialect: org.hibernate.dialect.PostgreSQLDialect
Oct 25, 2017 3:53:19 PM org.hibernate.engine.jdbc.env.internal.LobCreatorBuilderImpl useContextualLobCreation
INFO: HHH000424: Disabling contextual LOB creation as createClob() method threw error : java.lang.reflect.InvocationTargetException
Oct 25, 2017 3:53:19 PM org.hibernate.type.BasicTypeRegistry register
INFO: HHH000270: Type registration [java.util.UUID] overrides previous : org.hibernate.type.UUIDBinaryType@10a9d961
Oct 25, 2017 3:53:19 PM org.hibernate.resource.transaction.backend.jdbc.internal.DdlTransactionIsolatorNonJtaImpl getIsolatedConnection
INFO: HHH10001501: Connection obtained from JdbcConnectionAccess [org.hibernate.engine.jdbc.env.internal.JdbcEnvironmentInitiator$ConnectionProviderJdbcConnectionAccess@13e9f2e2] for (non-JTA) DDL execution was not in auto-commit mode; the Connection &apos;local transaction&apos; will be committed and the Connection will be set into auto-commit mode.
Oct 25, 2017 3:53:20 PM org.hibernate.resource.transaction.backend.jdbc.internal.DdlTransactionIsolatorNonJtaImpl getIsolatedConnection
INFO: HHH10001501: Connection obtained from JdbcConnectionAccess [org.hibernate.engine.jdbc.env.internal.JdbcEnvironmentInitiator$ConnectionProviderJdbcConnectionAccess@1f651cd8] for (non-JTA) DDL execution was not in auto-commit mode; the Connection &apos;local transaction&apos; will be committed and the Connection will be set into auto-commit mode.
Oct 25, 2017 3:53:20 PM org.hibernate.tool.schema.internal.SchemaCreatorImpl applyImportSources
INFO: HHH000476: Executing import script &apos;org.hibernate.tool.schema.internal.exec.ScriptSourceInputNonExistentImpl@c827db&apos;
Oct 25, 2017 3:53:20 PM org.hibernate.engine.jdbc.spi.SqlExceptionHelper logExceptions
WARN: SQL Error: 0, SQLState: 23503
Oct 25, 2017 3:53:20 PM org.hibernate.engine.jdbc.spi.SqlExceptionHelper logExceptions
ERROR: ERROR: insert or update on table &quot;orders&quot; violates foreign key constraint &quot;fkggleb7aobypdj2qn1f6x8y1s8&quot;
  Detail: Key (clientid)=(1) is not present in table &quot;client&quot;.
</system-err>
  </testcase>
</testsuite>